{"C:\\Users\\clark\\Documents\\Github\\Unit-Testing-Practice\\WDS-Intro-To-Testing-With-Jest\\js\\cloneArray.js": {"path":"C:\\Users\\clark\\Documents\\Github\\Unit-Testing-Practice\\WDS-Intro-To-Testing-With-Jest\\js\\cloneArray.js","statementMap":{"0":{"start":{"line":2,"column":19},"end":{"line":2,"column":40}},"1":{"start":{"line":2,"column":30},"end":{"line":2,"column":40}},"2":{"start":{"line":5,"column":0},"end":{"line":5,"column":28}}},"fnMap":{"0":{"name":"(anonymous_0)","decl":{"start":{"line":2,"column":19},"end":{"line":2,"column":20}},"loc":{"start":{"line":2,"column":30},"end":{"line":2,"column":40}},"line":2}},"branchMap":{},"s":{"0":1,"1":2,"2":1},"f":{"0":2},"b":{},"_coverageSchema":"1a1c01bbd47fc00a2c39e90264f33305004495a9","hash":"50269805af521641d9f899743d4d7ac16e40d253"}
,"C:\\Users\\clark\\Documents\\Github\\Unit-Testing-Practice\\WDS-Intro-To-Testing-With-Jest\\js\\subtract.js": {"path":"C:\\Users\\clark\\Documents\\Github\\Unit-Testing-Practice\\WDS-Intro-To-Testing-With-Jest\\js\\subtract.js","statementMap":{"0":{"start":{"line":2,"column":17},"end":{"line":2,"column":32}},"1":{"start":{"line":2,"column":27},"end":{"line":2,"column":32}},"2":{"start":{"line":4,"column":0},"end":{"line":4,"column":26}}},"fnMap":{"0":{"name":"(anonymous_0)","decl":{"start":{"line":2,"column":17},"end":{"line":2,"column":18}},"loc":{"start":{"line":2,"column":27},"end":{"line":2,"column":32}},"line":2}},"branchMap":{},"s":{"0":1,"1":1,"2":1},"f":{"0":1},"b":{},"_coverageSchema":"1a1c01bbd47fc00a2c39e90264f33305004495a9","hash":"5d4e2df084edba9fff63687ee51cbd4b4c92b57e"}
,"C:\\Users\\clark\\Documents\\Github\\Unit-Testing-Practice\\WDS-Intro-To-Testing-With-Jest\\js\\sum.js": {"path":"C:\\Users\\clark\\Documents\\Github\\Unit-Testing-Practice\\WDS-Intro-To-Testing-With-Jest\\js\\sum.js","statementMap":{"0":{"start":{"line":2,"column":12},"end":{"line":2,"column":27}},"1":{"start":{"line":2,"column":22},"end":{"line":2,"column":27}},"2":{"start":{"line":4,"column":0},"end":{"line":4,"column":21}}},"fnMap":{"0":{"name":"(anonymous_0)","decl":{"start":{"line":2,"column":12},"end":{"line":2,"column":13}},"loc":{"start":{"line":2,"column":22},"end":{"line":2,"column":27}},"line":2}},"branchMap":{},"s":{"0":1,"1":1,"2":1},"f":{"0":1},"b":{},"_coverageSchema":"1a1c01bbd47fc00a2c39e90264f33305004495a9","hash":"4bbeacbde4c76ee5a141eee0948c904c70848f3d"}
}
